<?xml version="1.0" encoding="UTF-8"?>
<!-- Generated by org.testng.reporters.JUnitReportReporter -->
<testsuite hostname="DESKTOP-CFSKSBJ" failures="0" tests="1" name="testCases.TC002_LoginTest" time="1.164" errors="0" timestamp="2024-11-18T20:48:09 IST" skipped="0">
  <testcase classname="testCases.TC002_LoginTest" name="verify_login" time="1.164"/>
</testsuite> <!-- testCases.TC002_LoginTest -->
